<?xml version="1.0" encoding="UTF-8"?>
<testsuite name="com.jojoldu.book.springboot.domain.posts.PostsRepositoryTest" tests="2" skipped="0" failures="0" errors="0" timestamp="2021-01-10T05:24:02" hostname="jang-gihyeog-ui-MacBookPro.local" time="0.022">
  <properties/>
  <testcase name="게시글저장_불러오기" classname="com.jojoldu.book.springboot.domain.posts.PostsRepositoryTest" time="0.014"/>
  <testcase name="BaseTimeEntity_등록" classname="com.jojoldu.book.springboot.domain.posts.PostsRepositoryTest" time="0.008"/>
  <system-out><![CDATA[2021-01-10 14:24:01.209  INFO 58843 --- [    Test worker] .b.t.c.SpringBootTestContextBootstrapper : Neither @ContextConfiguration nor @ContextHierarchy found for test class [com.jojoldu.book.springboot.domain.posts.PostsRepositoryTest], using SpringBootContextLoader
2021-01-10 14:24:01.210  INFO 58843 --- [    Test worker] o.s.t.c.support.AbstractContextLoader    : Could not detect default resource locations for test class [com.jojoldu.book.springboot.domain.posts.PostsRepositoryTest]: no resource found for suffixes {-context.xml, Context.groovy}.
2021-01-10 14:24:01.210  INFO 58843 --- [    Test worker] t.c.s.AnnotationConfigContextLoaderUtils : Could not detect default configuration classes for test class [com.jojoldu.book.springboot.domain.posts.PostsRepositoryTest]: PostsRepositoryTest does not declare any static, non-private, non-final, nested classes annotated with @Configuration.
2021-01-10 14:24:01.215  INFO 58843 --- [    Test worker] .b.t.c.SpringBootTestContextBootstrapper : Found @SpringBootConfiguration com.jojoldu.book.springboot.Application for test class com.jojoldu.book.springboot.domain.posts.PostsRepositoryTest
2021-01-10 14:24:01.216  INFO 58843 --- [    Test worker] .b.t.c.SpringBootTestContextBootstrapper : Loaded default TestExecutionListener class names from location [META-INF/spring.factories]: [org.springframework.security.test.context.support.WithSecurityContextTestExecutionListener, org.springframework.security.test.context.support.ReactorContextTestExecutionListener, org.springframework.boot.test.autoconfigure.restdocs.RestDocsTestExecutionListener, org.springframework.boot.test.autoconfigure.web.client.MockRestServiceServerResetTestExecutionListener, org.springframework.boot.test.autoconfigure.web.servlet.MockMvcPrintOnlyOnFailureTestExecutionListener, org.springframework.boot.test.autoconfigure.web.servlet.WebDriverTestExecutionListener, org.springframework.boot.test.mock.mockito.MockitoTestExecutionListener, org.springframework.boot.test.mock.mockito.ResetMocksTestExecutionListener, org.springframework.test.context.web.ServletTestExecutionListener, org.springframework.test.context.support.DirtiesContextBeforeModesTestExecutionListener, org.springframework.test.context.support.DependencyInjectionTestExecutionListener, org.springframework.test.context.support.DirtiesContextTestExecutionListener, org.springframework.test.context.transaction.TransactionalTestExecutionListener, org.springframework.test.context.jdbc.SqlScriptsTestExecutionListener]
2021-01-10 14:24:01.217  INFO 58843 --- [    Test worker] .b.t.c.SpringBootTestContextBootstrapper : Using TestExecutionListeners: [org.springframework.test.context.web.ServletTestExecutionListener@276bc113, org.springframework.test.context.support.DirtiesContextBeforeModesTestExecutionListener@144e1085, org.springframework.boot.test.mock.mockito.MockitoTestExecutionListener@77a6b55f, org.springframework.boot.test.autoconfigure.SpringBootDependencyInjectionTestExecutionListener@3f10faa9, org.springframework.test.context.support.DirtiesContextTestExecutionListener@468ac701, org.springframework.test.context.transaction.TransactionalTestExecutionListener@22a42d6d, org.springframework.test.context.jdbc.SqlScriptsTestExecutionListener@606a682b, org.springframework.security.test.context.support.WithSecurityContextTestExecutionListener@5817033d, org.springframework.security.test.context.support.ReactorContextTestExecutionListener@483575f1, org.springframework.boot.test.autoconfigure.restdocs.RestDocsTestExecutionListener@4bf9e6df, org.springframework.boot.test.autoconfigure.web.client.MockRestServiceServerResetTestExecutionListener@7861e4bb, org.springframework.boot.test.autoconfigure.web.servlet.MockMvcPrintOnlyOnFailureTestExecutionListener@188f0e61, org.springframework.boot.test.autoconfigure.web.servlet.WebDriverTestExecutionListener@7b767a7c, org.springframework.boot.test.mock.mockito.ResetMocksTestExecutionListener@7fbdb4d3]

  .   ____          _            __ _ _
 /\\ / ___'_ __ _ _(_)_ __  __ _ \ \ \ \
( ( )\___ | '_ | '_| | '_ \/ _` | \ \ \ \
 \\/  ___)| |_)| | | | | || (_| |  ) ) ) )
  '  |____| .__|_| |_|_| |_\__, | / / / /
 =========|_|==============|___/=/_/_/_/
 :: Spring Boot ::        (v2.1.7.RELEASE)

2021-01-10 14:24:01.233  INFO 58843 --- [    Test worker] c.j.b.s.d.posts.PostsRepositoryTest      : Starting PostsRepositoryTest on jang-gihyeog-ui-MacBookPro.local with PID 58843 (started by jangkh in /Users/jangkh/freelec-springboot2-webservice)
2021-01-10 14:24:01.233  INFO 58843 --- [    Test worker] c.j.b.s.d.posts.PostsRepositoryTest      : No active profile set, falling back to default profiles: default
2021-01-10 14:24:01.359  INFO 58843 --- [    Test worker] .s.d.r.c.RepositoryConfigurationDelegate : Bootstrapping Spring Data repositories in DEFAULT mode.
2021-01-10 14:24:01.370  INFO 58843 --- [    Test worker] .s.d.r.c.RepositoryConfigurationDelegate : Finished Spring Data repository scanning in 11ms. Found 2 repository interfaces.
2021-01-10 14:24:01.441  INFO 58843 --- [    Test worker] trationDelegate$BeanPostProcessorChecker : Bean 'org.springframework.transaction.annotation.ProxyTransactionManagementConfiguration' of type [org.springframework.transaction.annotation.ProxyTransactionManagementConfiguration$$EnhancerBySpringCGLIB$$113fb543] is not eligible for getting processed by all BeanPostProcessors (for example: not eligible for auto-proxying)
2021-01-10 14:24:01.504  INFO 58843 --- [    Test worker] com.zaxxer.hikari.HikariDataSource       : HikariPool-2 - Starting...
2021-01-10 14:24:01.505  INFO 58843 --- [    Test worker] com.zaxxer.hikari.HikariDataSource       : HikariPool-2 - Start completed.
2021-01-10 14:24:01.520  INFO 58843 --- [    Test worker] o.hibernate.jpa.internal.util.LogHelper  : HHH000204: Processing PersistenceUnitInfo [
	name: default
	...]
2021-01-10 14:24:01.524  INFO 58843 --- [    Test worker] org.hibernate.dialect.Dialect            : HHH000400: Using dialect: org.hibernate.dialect.H2Dialect
Hibernate: drop table posts if exists
Hibernate: drop table user if exists
Hibernate: create table posts (id bigint generated by default as identity, created_date timestamp, modified_date timestamp, author varchar(255), content TEXT not null, title varchar(500) not null, primary key (id))
Hibernate: create table user (id bigint generated by default as identity, created_date timestamp, modified_date timestamp, email varchar(255) not null, name varchar(255) not null, picture varchar(255), role varchar(255) not null, primary key (id))
2021-01-10 14:24:01.557  INFO 58843 --- [    Test worker] o.h.t.schema.internal.SchemaCreatorImpl  : HHH000476: Executing import script 'org.hibernate.tool.schema.internal.exec.ScriptSourceInputNonExistentImpl@672dd813'
2021-01-10 14:24:01.557  INFO 58843 --- [    Test worker] j.LocalContainerEntityManagerFactoryBean : Initialized JPA EntityManagerFactory for persistence unit 'default'
2021-01-10 14:24:01.682  INFO 58843 --- [    Test worker] o.h.h.i.QueryTranslatorFactoryInitiator  : HHH000397: Using ASTQueryTranslatorFactory
2021-01-10 14:24:01.768  INFO 58843 --- [    Test worker] o.s.s.web.DefaultSecurityFilterChain     : Creating filter chain: any request, [org.springframework.security.web.context.request.async.WebAsyncManagerIntegrationFilter@642cd598, org.springframework.security.web.context.SecurityContextPersistenceFilter@12334237, org.springframework.security.web.header.HeaderWriterFilter@6f14dab, org.springframework.security.web.authentication.logout.LogoutFilter@79878fee, org.springframework.security.oauth2.client.web.OAuth2AuthorizationRequestRedirectFilter@305cea88, org.springframework.security.oauth2.client.web.OAuth2LoginAuthenticationFilter@9074974, org.springframework.security.web.authentication.ui.DefaultLoginPageGeneratingFilter@71ad4916, org.springframework.security.web.authentication.ui.DefaultLogoutPageGeneratingFilter@6731d8ac, org.springframework.security.web.savedrequest.RequestCacheAwareFilter@7f51488, org.springframework.security.web.servletapi.SecurityContextHolderAwareRequestFilter@be59dc8, org.springframework.security.web.authentication.AnonymousAuthenticationFilter@306e7668, org.springframework.security.web.session.SessionManagementFilter@38c85f55, org.springframework.security.web.access.ExceptionTranslationFilter@766c67ee, org.springframework.security.web.access.intercept.FilterSecurityInterceptor@18636fae]
2021-01-10 14:24:01.952  INFO 58843 --- [    Test worker] o.s.s.concurrent.ThreadPoolTaskExecutor  : Initializing ExecutorService 'applicationTaskExecutor'
2021-01-10 14:24:01.961  WARN 58843 --- [    Test worker] aWebConfiguration$JpaWebMvcConfiguration : spring.jpa.open-in-view is enabled by default. Therefore, database queries may be performed during view rendering. Explicitly configure spring.jpa.open-in-view to disable this warning
2021-01-10 14:24:01.980  INFO 58843 --- [    Test worker] o.s.b.a.w.s.WelcomePageHandlerMapping    : Adding welcome page template: index
2021-01-10 14:24:02.186  INFO 58843 --- [    Test worker] s.a.ScheduledAnnotationBeanPostProcessor : No TaskScheduler/ScheduledExecutorService bean found for scheduled processing
2021-01-10 14:24:02.187  INFO 58843 --- [    Test worker] c.j.b.s.d.posts.PostsRepositoryTest      : Started PostsRepositoryTest in 0.969 seconds (JVM running for 7.394)
Hibernate: insert into posts (id, created_date, modified_date, author, content, title) values (null, ?, ?, ?, ?, ?)
Hibernate: select posts0_.id as id1_0_, posts0_.created_date as created_2_0_, posts0_.modified_date as modified3_0_, posts0_.author as author4_0_, posts0_.content as content5_0_, posts0_.title as title6_0_ from posts posts0_
Hibernate: select posts0_.id as id1_0_, posts0_.created_date as created_2_0_, posts0_.modified_date as modified3_0_, posts0_.author as author4_0_, posts0_.content as content5_0_, posts0_.title as title6_0_ from posts posts0_
Hibernate: delete from posts where id=?
Hibernate: insert into posts (id, created_date, modified_date, author, content, title) values (null, ?, ?, ?, ?, ?)
Hibernate: select posts0_.id as id1_0_, posts0_.created_date as created_2_0_, posts0_.modified_date as modified3_0_, posts0_.author as author4_0_, posts0_.content as content5_0_, posts0_.title as title6_0_ from posts posts0_
>>>>>>>>> createDate = 2021-01-10T14:24:02.206 modifiedDate = 2021-01-10T14:24:02.206
Hibernate: select posts0_.id as id1_0_, posts0_.created_date as created_2_0_, posts0_.modified_date as modified3_0_, posts0_.author as author4_0_, posts0_.content as content5_0_, posts0_.title as title6_0_ from posts posts0_
Hibernate: delete from posts where id=?
]]></system-out>
  <system-err><![CDATA[]]></system-err>
</testsuite>
